<?xml version="1.0" encoding="UTF-8"?>
<!-- Generated by org.testng.reporters.JUnitReportReporter -->
<testsuite skipped="0" hostname="SBLR-LT-1340" name="chaperone.pack.com.Quality_Audit" tests="1" failures="0" timestamp="03 Apr 2018 06:34:52 GMT" time="40.295" errors="0">
  <testcase name="login" time="40.295" classname="chaperone.pack.com.Quality_Audit"/>
</testsuite> <!-- chaperone.pack.com.Quality_Audit -->
