<?xml version="1.0" encoding="UTF-8"?>
<!-- Generated by org.testng.reporters.JUnitReportReporter -->
<testsuite skipped="0" hostname="SBLR-LT-1340" name="projects.NewTest1" tests="1" failures="0" timestamp="26 Mar 2018 12:54:24 GMT" time="23.644" errors="0">
  <testcase name="f" time="23.644" classname="projects.NewTest1"/>
</testsuite> <!-- projects.NewTest1 -->
